2025-06-25 09:42:27,624 - 97 - werkzeug - WARNING -  * Debugger is active!
2025-06-25 09:42:27,656 - 97 - werkzeug - INFO -  * Debugger PIN: 652-873-769
2025-06-25 09:45:39,684 - 97 - werkzeug - INFO -  * Detected change in 'D:\\Generative ai\\aienv\\Lib\\site-packages\\flask\\__init__.py', reloading
2025-06-25 09:45:39,691 - 97 - werkzeug - INFO -  * Detected change in 'D:\\Generative ai\\aienv\\Lib\\site-packages\\flask\\app.py', reloading
2025-06-25 09:45:39,711 - 97 - werkzeug - INFO -  * Detected change in 'D:\\Generative ai\\aienv\\Lib\\site-packages\\flask\\sansio\\app.py', reloading
2025-06-25 09:45:39,736 - 97 - werkzeug - INFO -  * Detected change in 'D:\\Generative ai\\aienv\\Lib\\site-packages\\flask\\sansio\\scaffold.py', reloading
2025-06-25 09:45:39,750 - 97 - werkzeug - INFO -  * Detected change in 'D:\\Generative ai\\aienv\\Lib\\site-packages\\flask\\globals.py', reloading
2025-06-25 09:45:39,750 - 97 - werkzeug - INFO -  * Detected change in 'D:\\Generative ai\\aienv\\Lib\\site-packages\\flask\\wrappers.py', reloading
2025-06-25 09:45:39,761 - 97 - werkzeug - INFO -  * Detected change in 'D:\\Generative ai\\aienv\\Lib\\site-packages\\werkzeug\\wrappers\\__init__.py', reloading
2025-06-25 09:45:39,761 - 97 - werkzeug - INFO -  * Detected change in 'D:\\Generative ai\\aienv\\Lib\\site-packages\\werkzeug\\wrappers\\request.py', reloading
2025-06-25 09:45:39,761 - 97 - werkzeug - INFO -  * Detected change in 'D:\\Generative ai\\aienv\\Lib\\site-packages\\werkzeug\\sansio\\request.py', reloading
2025-06-25 09:45:39,845 - 97 - werkzeug - INFO -  * Detected change in 'D:\\Generative ai\\aienv\\Lib\\site-packages\\flask\\templating.py', reloading
2025-06-25 09:45:39,845 - 97 - werkzeug - INFO -  * Detected change in 'D:\\Generative ai\\aienv\\Lib\\site-packages\\jinja2\\__init__.py', reloading
2025-06-25 09:45:39,845 - 97 - werkzeug - INFO -  * Detected change in 'D:\\Generative ai\\aienv\\Lib\\site-packages\\jinja2\\environment.py', reloading
2025-06-25 09:45:39,877 - 97 - werkzeug - INFO -  * Detected change in 'D:\\Generative ai\\aienv\\Lib\\site-packages\\flask\\typing.py', reloading
2025-06-25 09:45:39,877 - 97 - werkzeug - INFO -  * Detected change in 'D:\\Generative ai\\aienv\\Lib\\site-packages\\werkzeug\\sansio\\response.py', reloading
2025-06-25 09:45:39,903 - 97 - werkzeug - INFO -  * Detected change in 'D:\\Generative ai\\aienv\\Lib\\site-packages\\werkzeug\\datastructures\\__init__.py', reloading
2025-06-25 09:45:39,917 - 97 - werkzeug - INFO -  * Detected change in 'D:\\Generative ai\\aienv\\Lib\\site-packages\\werkzeug\\datastructures\\headers.py', reloading
2025-06-25 09:45:39,954 - 97 - werkzeug - INFO -  * Detected change in 'D:\\Generative ai\\aienv\\Lib\\site-packages\\werkzeug\\utils.py', reloading
2025-06-25 09:45:39,978 - 97 - werkzeug - INFO -  * Detected change in 'D:\\Generative ai\\aienv\\Lib\\site-packages\\werkzeug\\_internal.py', reloading
2025-06-25 09:45:40,012 - 97 - werkzeug - INFO -  * Detected change in 'D:\\Generative ai\\aienv\\Lib\\site-packages\\werkzeug\\datastructures\\structures.py', reloading
